<?xml version="1.0" encoding="UTF-8"?>
<!-- Generated by org.testng.reporters.JUnitXMLReporter -->
<testsuite hostname="DESKTOP-LV674VA" ignored="0" name="Test" tests="4" failures="0" timestamp="2023-02-01T08:47:32 IST" time="16.389" errors="0">
  <testcase name="selectCity" time="10.828" classname="com.flight.Filght"/>
  <testcase name="selectFilght" time="0.769" classname="com.flight.Filght"/>
  <testcase name="reservedFight" time="3.55" classname="com.flight.Filght"/>
  <testcase name="purchaseConfirm" time="1.05" classname="com.flight.Filght"/>
</testsuite> <!-- Test -->
