<?xml version="1.0" encoding="UTF-8"?>
<testng-results skipped="0" failed="0" ignored="0" total="4" passed="4">
  <reporter-output>
  </reporter-output>
  <suite name="Suite" duration-ms="16389" started-at="2023-02-01T08:47:16 IST" finished-at="2023-02-01T08:47:32 IST">
    <groups>
    </groups>
    <test name="Test" duration-ms="16389" started-at="2023-02-01T08:47:16 IST" finished-at="2023-02-01T08:47:32 IST">
      <class name="com.flight.Filght">
        <test-method status="PASS" signature="selectCity(java.lang.String,java.lang.String)[pri:1, instance:com.flight.Filght@66d1af89]" name="selectCity" duration-ms="10828" started-at="2023-02-01T08:47:16 IST" finished-at="2023-02-01T08:47:26 IST">
          <params>
            <param index="0">
              <value>
                <![CDATA[Boston]]>
              </value>
            </param>
            <param index="1">
              <value>
                <![CDATA[London]]>
              </value>
            </param>
          </params>
          <reporter-output>
          </reporter-output>
        </test-method> <!-- selectCity -->
        <test-method status="PASS" signature="selectFilght()[pri:2, instance:com.flight.Filght@66d1af89]" name="selectFilght" duration-ms="769" started-at="2023-02-01T08:47:27 IST" finished-at="2023-02-01T08:47:27 IST">
          <reporter-output>
          </reporter-output>
        </test-method> <!-- selectFilght -->
        <test-method status="PASS" signature="reservedFight()[pri:3, instance:com.flight.Filght@66d1af89]" name="reservedFight" duration-ms="3550" started-at="2023-02-01T08:47:27 IST" finished-at="2023-02-01T08:47:31 IST">
          <reporter-output>
          </reporter-output>
        </test-method> <!-- reservedFight -->
        <test-method status="PASS" signature="purchaseConfirm()[pri:4, instance:com.flight.Filght@66d1af89]" name="purchaseConfirm" duration-ms="1050" started-at="2023-02-01T08:47:31 IST" finished-at="2023-02-01T08:47:32 IST">
          <reporter-output>
          </reporter-output>
        </test-method> <!-- purchaseConfirm -->
      </class> <!-- com.flight.Filght -->
    </test> <!-- Test -->
  </suite> <!-- Suite -->
</testng-results>
